<?xml version="1.0" encoding="UTF-8"?>
<!-- Generated by org.testng.reporters.JUnitReportReporter -->
<testsuite hostname="LAPTOP-Q3JCMTD1" failures="0" tests="2" name="com.store.testCases.AccountCreationTests" time="41.381" errors="0" timestamp="18 Oct 2021 12:21:45 GMT" skipped="0">
  <testcase classname="com.store.testCases.AccountCreationTests" name="createAccountCaseTest" time="21.248"/>
  <testcase classname="com.store.testCases.AccountCreationTests" name="createAccountTest" time="20.133"/>
</testsuite> <!-- com.store.testCases.AccountCreationTests -->
