<?xml version="1.0" encoding="UTF-8"?>
<!-- Generated by org.testng.reporters.JUnitReportReporter -->
<testsuite hostname="LAPTOP-Q3JCMTD1" failures="0" tests="3" name="com.store.testCases.LoginLogOffTest" time="44.822" errors="0" timestamp="18 Oct 2021 12:21:45 GMT" skipped="0">
  <testcase classname="com.store.testCases.LoginLogOffTest" name="validLoginTest" time="13.660"/>
  <testcase classname="com.store.testCases.LoginLogOffTest" name="logOffTest" time="15.887"/>
  <testcase classname="com.store.testCases.LoginLogOffTest" name="invalidLoginTest" time="15.275"/>
</testsuite> <!-- com.store.testCases.LoginLogOffTest -->
