<?xml version="1.0" encoding="UTF-8"?>
<!-- Generated by org.testng.reporters.JUnitReportReporter -->
<testsuite hostname="LAPTOP-Q3JCMTD1" failures="0" tests="6" name="com.store.testCases.SearchTests" time="87.766" errors="0" timestamp="18 Oct 2021 12:21:45 GMT" skipped="0">
  <testcase classname="com.store.testCases.SearchTests" name="itemsSearchTest" time="10.603"/>
  <testcase classname="com.store.testCases.SearchTests" name="manufacturerTest" time="13.431"/>
  <testcase classname="com.store.testCases.SearchTests" name="itemsSearchTest" time="11.459"/>
  <testcase classname="com.store.testCases.SearchTests" name="itemsSearchTest" time="30.047"/>
  <testcase classname="com.store.testCases.SearchTests" name="itemsSearchTest" time="10.759"/>
  <testcase classname="com.store.testCases.SearchTests" name="itemsSearchTest" time="11.467"/>
</testsuite> <!-- com.store.testCases.SearchTests -->
