<?xml version="1.0" encoding="UTF-8"?>
<!-- Generated by org.testng.reporters.JUnitReportReporter -->
<testsuite hostname="LAPTOP-Q3JCMTD1" failures="0" tests="1" name="com.store.testCases.PlaceOrderTest" time="57.648" errors="0" timestamp="18 Oct 2021 12:21:45 GMT" skipped="0">
  <testcase classname="com.store.testCases.PlaceOrderTest" name="placeOrder" time="57.648"/>
</testsuite> <!-- com.store.testCases.PlaceOrderTest -->
